# JRE version: OpenJDK Runtime Environment Zulu17.32+13-CA (17.0.2+8) (build 17.0.2+8-LTS)
# Java VM: OpenJDK 64-Bit Server VM Zulu17.32+13-CA (17.0.2+8-LTS, mixed mode, sharing, tiered, compressed oops, compressed class ptrs, g1 gc, windows-amd64)
GC Precious Log:
 CPUs: 4 total, 4 available
 Memory: 8089M
 Large Page Support: Disabled
 NUMA Support: Disabled
 Compressed Oops: Enabled (32-bit)
 Heap Region Size: 1M
 Heap Min Capacity: 8M
 Heap Initial Capacity: 128M
 Heap Max Capacity: 2024M
 Pre-touch: Disabled
 Parallel Workers: 4
 Concurrent Workers: 1
 Concurrent Refinement Workers: 4
 Periodic GC: Disabled
Heap:
 garbage-first heap   total 99328K, used 76686K [0x0000000081800000, 0x0000000100000000)
  region size 1024K, 58 young (59392K), 1 survivors (1024K)
 Metaspace       used 43988K, committed 44288K, reserved 1089536K
  class space    used 5910K, committed 6080K, reserved 1048576K
GC Heap History (20 events):
Event: 1.722 GC heap before
{Heap before GC invocations=1 (full 0):
 garbage-first heap   total 131072K, used 18536K [0x0000000081800000, 0x0000000100000000)
  region size 1024K, 14 young (14336K), 2 survivors (2048K)
 Metaspace       used 6123K, committed 6336K, reserved 1056768K
  class space    used 748K, committed 832K, reserved 1048576K
}
Event: 1.729 GC heap after
{Heap after GC invocations=2 (full 0):
 garbage-first heap   total 131072K, used 8058K [0x0000000081800000, 0x0000000100000000)
  region size 1024K, 2 young (2048K), 2 survivors (2048K)
 Metaspace       used 6123K, committed 6336K, reserved 1056768K
  class space    used 748K, committed 832K, reserved 1048576K
}
Event: 2.672 GC heap before
{Heap before GC invocations=2 (full 0):
 garbage-first heap   total 131072K, used 31610K [0x0000000081800000, 0x0000000100000000)
  region size 1024K, 25 young (25600K), 2 survivors (2048K)
 Metaspace       used 11313K, committed 11520K, reserved 1064960K
  class space    used 1462K, committed 1536K, reserved 1048576K
}
Event: 2.679 GC heap after
{Heap after GC invocations=3 (full 0):
 garbage-first heap   total 131072K, used 9671K [0x0000000081800000, 0x0000000100000000)
  region size 1024K, 4 young (4096K), 4 survivors (4096K)
 Metaspace       used 11313K, committed 11520K, reserved 1064960K
  class space    used 1462K, committed 1536K, reserved 1048576K
}
Event: 4.226 GC heap before
{Heap before GC invocations=3 (full 0):
 garbage-first heap   total 131072K, used 63943K [0x0000000081800000, 0x0000000100000000)
  region size 1024K, 58 young (59392K), 4 survivors (4096K)
 Metaspace       used 21298K, committed 21504K, reserved 1073152K
  class space    used 2710K, committed 2816K, reserved 1048576K
}
Event: 4.238 GC heap after
{Heap after GC invocations=4 (full 0):
 garbage-first heap   total 131072K, used 12515K [0x0000000081800000, 0x0000000100000000)
  region size 1024K, 7 young (7168K), 7 survivors (7168K)
 Metaspace       used 21298K, committed 21504K, reserved 1073152K
  class space    used 2710K, committed 2816K, reserved 1048576K
}
Event: 5.258 GC heap before
{Heap before GC invocations=5 (full 0):
 garbage-first heap   total 51200K, used 36067K [0x0000000081800000, 0x0000000100000000)
  region size 1024K, 30 young (30720K), 7 survivors (7168K)
 Metaspace       used 25071K, committed 25408K, reserved 1073152K
  class space    used 3255K, committed 3392K, reserved 1048576K
}
Event: 5.280 GC heap after
{Heap after GC invocations=6 (full 0):
 garbage-first heap   total 51200K, used 15180K [0x0000000081800000, 0x0000000100000000)
  region size 1024K, 3 young (3072K), 3 survivors (3072K)
 Metaspace       used 25071K, committed 25408K, reserved 1073152K
  class space    used 3255K, committed 3392K, reserved 1048576K
}
Event: 5.301 GC heap before
{Heap before GC invocations=6 (full 0):
 garbage-first heap   total 51200K, used 16204K [0x0000000081800000, 0x0000000100000000)
  region size 1024K, 4 young (4096K), 3 survivors (3072K)
 Metaspace       used 25094K, committed 25408K, reserved 1073152K
  class space    used 3256K, committed 3392K, reserved 1048576K
}
Event: 5.310 GC heap after
{Heap after GC invocations=7 (full 0):
 garbage-first heap   total 51200K, used 15368K [0x0000000081800000, 0x0000000100000000)
  region size 1024K, 1 young (1024K), 1 survivors (1024K)
 Metaspace       used 25094K, committed 25408K, reserved 1073152K
  class space    used 3256K, committed 3392K, reserved 1048576K
}
Event: 5.901 GC heap before
{Heap before GC invocations=7 (full 0):
 garbage-first heap   total 51200K, used 34824K [0x0000000081800000, 0x0000000100000000)
  region size 1024K, 21 young (21504K), 1 survivors (1024K)
 Metaspace       used 30154K, committed 30464K, reserved 1081344K
  class space    used 3829K, committed 3968K, reserved 1048576K
}
Event: 5.908 GC heap after
{Heap after GC invocations=8 (full 0):
 garbage-first heap   total 51200K, used 16674K [0x0000000081800000, 0x0000000100000000)
  region size 1024K, 2 young (2048K), 2 survivors (2048K)
 Metaspace       used 30154K, committed 30464K, reserved 1081344K
  class space    used 3829K, committed 3968K, reserved 1048576K
}
Event: 6.734 GC heap before
{Heap before GC invocations=8 (full 0):
 garbage-first heap   total 51200K, used 37154K [0x0000000081800000, 0x0000000100000000)
  region size 1024K, 22 young (22528K), 2 survivors (2048K)
 Metaspace       used 35245K, committed 35520K, reserved 1081344K
  class space    used 4672K, committed 4800K, reserved 1048576K
}
Event: 6.741 GC heap after
{Heap after GC invocations=9 (full 0):
 garbage-first heap   total 51200K, used 17892K [0x0000000081800000, 0x0000000100000000)
  region size 1024K, 1 young (1024K), 1 survivors (1024K)
 Metaspace       used 35245K, committed 35520K, reserved 1081344K
  class space    used 4672K, committed 4800K, reserved 1048576K
}
Event: 6.792 GC heap before
{Heap before GC invocations=9 (full 0):
 garbage-first heap   total 51200K, used 18916K [0x0000000081800000, 0x0000000100000000)
  region size 1024K, 3 young (3072K), 1 survivors (1024K)
 Metaspace       used 35705K, committed 35968K, reserved 1081344K
  class space    used 4784K, committed 4928K, reserved 1048576K
}
Event: 6.796 GC heap after
{Heap after GC invocations=10 (full 0):
 garbage-first heap   total 51200K, used 17850K [0x0000000081800000, 0x0000000100000000)
  region size 1024K, 1 young (1024K), 1 survivors (1024K)
 Metaspace       used 35705K, committed 35968K, reserved 1081344K
  class space    used 4784K, committed 4928K, reserved 1048576K
}
Event: 7.508 GC heap before
{Heap before GC invocations=11 (full 0):
 garbage-first heap   total 51200K, used 39354K [0x0000000081800000, 0x0000000100000000)
  region size 1024K, 22 young (22528K), 1 survivors (1024K)
 Metaspace       used 40214K, committed 40576K, reserved 1089536K
  class space    used 5384K, committed 5568K, reserved 1048576K
}
Event: 7.516 GC heap after
{Heap after GC invocations=12 (full 0):
 garbage-first heap   total 51200K, used 19561K [0x0000000081800000, 0x0000000100000000)
  region size 1024K, 3 young (3072K), 3 survivors (3072K)
 Metaspace       used 40214K, committed 40576K, reserved 1089536K
  class space    used 5384K, committed 5568K, reserved 1048576K
}
Event: 7.538 GC heap before
{Heap before GC invocations=12 (full 0):
 garbage-first heap   total 51200K, used 20585K [0x0000000081800000, 0x0000000100000000)
  region size 1024K, 4 young (4096K), 3 survivors (3072K)
 Metaspace       used 40254K, committed 40640K, reserved 1089536K
  class space    used 5388K, committed 5568K, reserved 1048576K
}
Event: 7.548 GC heap after
{Heap after GC invocations=13 (full 0):
 garbage-first heap   total 99328K, used 19342K [0x0000000081800000, 0x0000000100000000)
  region size 1024K, 1 young (1024K), 1 survivors (1024K)
 Metaspace       used 40254K, committed 40640K, reserved 1089536K
  class space    used 5388K, committed 5568K, reserved 1048576K
}

